<?xml version="1.0" encoding="UTF-8"?>
<!-- Generated by org.testng.reporters.JUnitXMLReporter -->
<testsuite ignored="2" hostname="Arun" failures="0" tests="2" name="Login test" time="144.964" errors="0" timestamp="15 Mar 2024 11:31:06 GMT">
  <testcase classname="org.testcases.LoginTest" name="login" time="96.981"/>
  <testcase classname="org.testcases.CreateGoal" name="create_agoal" time="37.293"/>
  <testcase classname="org.base.BaseTest" name="@BeforeTest setUp" time="0.0">
    <ignored/>
  </testcase> <!-- @BeforeTest setUp -->
  <testcase classname="org.base.BaseTest" name="@AfterTest tearDown" time="0.0">
    <ignored/>
  </testcase> <!-- @AfterTest tearDown -->
</testsuite> <!-- Login test -->
