<?xml version="1.0" encoding="UTF-8"?>
<testng-results ignored="2" total="4" passed="2" failed="0" skipped="0">
  <reporter-output>
  </reporter-output>
  <suite started-at="2024-03-15T11:28:41Z" name="QA test" finished-at="2024-03-15T11:31:06Z" duration-ms="144964">
    <groups>
    </groups>
    <test started-at="2024-03-15T11:28:41Z" name="Login test" finished-at="2024-03-15T11:31:06Z" duration-ms="144964">
      <class name="org.testcases.LoginTest">
        <test-method is-config="true" signature="setUp()[pri:0, instance:org.testcases.LoginTest@3b7d3a38]" started-at="2024-03-15T11:28:41Z" name="setUp" finished-at="2024-03-15T11:28:51Z" duration-ms="10328" status="PASS">
          <reporter-output>
          </reporter-output>
        </test-method> <!-- setUp -->
        <test-method signature="login()[pri:0, instance:org.testcases.LoginTest@3b7d3a38]" started-at="2024-03-15T11:28:51Z" name="login" finished-at="2024-03-15T11:30:28Z" duration-ms="96981" status="PASS">
          <reporter-output>
          </reporter-output>
        </test-method> <!-- login -->
        <test-method is-config="true" signature="tearDown()[pri:0, instance:org.testcases.LoginTest@3b7d3a38]" started-at="2024-03-15T11:31:06Z" name="tearDown" finished-at="2024-03-15T11:31:06Z" duration-ms="331" status="PASS">
          <reporter-output>
          </reporter-output>
        </test-method> <!-- tearDown -->
      </class> <!-- org.testcases.LoginTest -->
      <class name="org.testcases.CreateGoal">
        <test-method signature="create_agoal()[pri:0, instance:org.testcases.CreateGoal@416c58f5]" started-at="2024-03-15T11:30:28Z" name="create_agoal" finished-at="2024-03-15T11:31:06Z" duration-ms="37293" status="PASS">
          <reporter-output>
          </reporter-output>
        </test-method> <!-- create_agoal -->
      </class> <!-- org.testcases.CreateGoal -->
    </test> <!-- Login test -->
  </suite> <!-- QA test -->
</testng-results>
