<?xml version="1.0" encoding="UTF-8"?>
<testng-results ignored="0" total="1" passed="1" failed="0" skipped="0">
  <reporter-output>
  </reporter-output>
  <suite started-at="2024-04-02T10:13:38Z" name="QA test" finished-at="2024-04-02T10:13:53Z" duration-ms="15264">
    <groups>
    </groups>
    <test started-at="2024-04-02T10:13:38Z" name="Login test" finished-at="2024-04-02T10:13:53Z" duration-ms="15264">
      <class name="org.testsuite.Trainingtestsuite">
        <test-method is-config="true" signature="setUp()[pri:0, instance:org.testsuite.Trainingtestsuite@416c58f5]" started-at="2024-04-02T10:13:32Z" name="setUp" finished-at="2024-04-02T10:13:38Z" duration-ms="5604" status="PASS">
          <reporter-output>
          </reporter-output>
        </test-method> <!-- setUp -->
        <test-method signature="verify_login_test(java.lang.reflect.Method)[pri:1, instance:org.testsuite.Trainingtestsuite@416c58f5]" started-at="2024-04-02T10:13:38Z" name="verify_login_test" finished-at="2024-04-02T10:13:53Z" duration-ms="15249" status="PASS">
          <params>
            <param index="0">
              <value>
                <![CDATA[public void org.testsuite.Trainingtestsuite.verify_login_test(java.lang.reflect.Method) throws java.lang.Exception]]>
              </value>
            </param>
          </params>
          <reporter-output>
          </reporter-output>
        </test-method> <!-- verify_login_test -->
        <test-method is-config="true" signature="tearDown()[pri:0, instance:org.testsuite.Trainingtestsuite@416c58f5]" started-at="2024-04-02T10:13:53Z" name="tearDown" finished-at="2024-04-02T10:13:53Z" duration-ms="280" status="PASS">
          <reporter-output>
          </reporter-output>
        </test-method> <!-- tearDown -->
      </class> <!-- org.testsuite.Trainingtestsuite -->
    </test> <!-- Login test -->
  </suite> <!-- QA test -->
</testng-results>
