<?xml version="1.0" encoding="UTF-8"?>
<testsuite xmlns:xsi="http://www.w3.org/2001/XMLSchema-instance" xsi:noNamespaceSchemaLocation="https://maven.apache.org/surefire/maven-surefire-plugin/xsd/surefire-test-report-3.0.xsd" version="3.0" name="TestSuite" time="118.72" tests="5" errors="0" skipped="0" failures="0">
  <properties>
[...]
</properties>
  <testcase name="verify_login_test[public void org.testsuite.QAtestsuite.verify_login_test(java.lang.reflect.Method) throws java.lang.InterruptedException](1)" classname="org.testsuite.QAtestsuite" time="10.374">
    <system-out><![CDATA[[TestNGContentHandler] [WARN] It is strongly recommended to add "<!DOCTYPE suite SYSTEM "http://testng.org/testng-1.0.dtd" >" at the top of your file, otherwise TestNG may fail or not work as expected.
]]></system-out>
    <system-err><![CDATA[Starting ChromeDriver 122.0.6261.94 (880dbf29479c6152d5e4f08dfd3a96b30f919e56-refs/branch-heads/6261@{#960}) on port 44549
Only local connections are allowed.
Please see https://chromedriver.chromium.org/security-considerations for suggestions on keeping ChromeDriver safe.
ChromeDriver was started successfully.
Mar 18, 2024 5:24:00 PM org.openqa.selenium.remote.ProtocolHandshake createSession
INFO: Detected dialect: W3C
]]></system-err>
  </testcase>
  <testcase name="verify_empdetails[public void org.testsuite.QAtestsuite.verify_empdetails(java.lang.reflect.Method) throws java.lang.InterruptedException](1)" classname="org.testsuite.QAtestsuite" time="30.139">
    <system-out><![CDATA[The selected label is :India
]]></system-out>
  </testcase>
  <testcase name="verify_pageDetails[public void org.testsuite.QAtestsuite.verify_pageDetails(java.lang.reflect.Method) throws java.lang.InterruptedException](1)" classname="org.testsuite.QAtestsuite" time="28.619">
    <system-out><![CDATA[the personal details is:Personal Details
the employment details is:Employment Details
the contact details is:Contact Details
the Onboarding title is:Onboarding
the employment details is:Successfully Saved
]]></system-out>
  </testcase>
  <testcase name="verify_all_details[public void org.testsuite.QAtestsuite.verify_all_details(java.lang.reflect.Method) throws java.lang.InterruptedException](1)" classname="org.testsuite.QAtestsuite" time="11.42">
    <system-out><![CDATA[the first name is:Tester
the last name is:two
the middle name is:one
the employeeid name is:
]]></system-out>
  </testcase>
  <testcase name="verify_creating_goal[public void org.testsuite.QAtestsuite.verify_creating_goal(java.lang.reflect.Method) throws java.lang.InterruptedException](1)" classname="org.testsuite.QAtestsuite" time="30.618">
    <system-out><![CDATA[the employment details is:Admin
the priority high text is:High
the duedate text is:2024-03-20
]]></system-out>
  </testcase>
</testsuite>