<?xml version="1.0" encoding="UTF-8"?>
<testng-results ignored="0" total="5" passed="5" failed="0" skipped="0">
  <reporter-output>
  </reporter-output>
  <suite started-at="2024-03-18T11:54:04Z" name="QA test" finished-at="2024-03-18T11:55:56Z" duration-ms="111193">
    <groups>
    </groups>
    <test started-at="2024-03-18T11:54:04Z" name="Login test" finished-at="2024-03-18T11:55:56Z" duration-ms="111193">
      <class name="org.testsuite.QAtestsuite">
        <test-method is-config="true" signature="setUp()[pri:0, instance:org.testsuite.QAtestsuite@6d07a63d]" started-at="2024-03-18T11:53:58Z" name="setUp" finished-at="2024-03-18T11:54:04Z" duration-ms="6197" status="PASS">
          <reporter-output>
          </reporter-output>
        </test-method> <!-- setUp -->
        <test-method signature="verify_login_test(java.lang.reflect.Method)[pri:1, instance:org.testsuite.QAtestsuite@6d07a63d]" started-at="2024-03-18T11:54:04Z" name="verify_login_test" finished-at="2024-03-18T11:54:15Z" duration-ms="10380" status="PASS">
          <params>
            <param index="0">
              <value>
                <![CDATA[public void org.testsuite.QAtestsuite.verify_login_test(java.lang.reflect.Method) throws java.lang.InterruptedException]]>
              </value>
            </param>
          </params>
          <reporter-output>
          </reporter-output>
        </test-method> <!-- verify_login_test -->
        <test-method signature="verify_empdetails(java.lang.reflect.Method)[pri:2, instance:org.testsuite.QAtestsuite@6d07a63d]" started-at="2024-03-18T11:54:15Z" name="verify_empdetails" finished-at="2024-03-18T11:54:45Z" duration-ms="30139" status="PASS">
          <params>
            <param index="0">
              <value>
                <![CDATA[public void org.testsuite.QAtestsuite.verify_empdetails(java.lang.reflect.Method) throws java.lang.InterruptedException]]>
              </value>
            </param>
          </params>
          <reporter-output>
          </reporter-output>
        </test-method> <!-- verify_empdetails -->
        <test-method signature="verify_pageDetails(java.lang.reflect.Method)[pri:3, instance:org.testsuite.QAtestsuite@6d07a63d]" started-at="2024-03-18T11:54:45Z" name="verify_pageDetails" finished-at="2024-03-18T11:55:14Z" duration-ms="28617" status="PASS">
          <params>
            <param index="0">
              <value>
                <![CDATA[public void org.testsuite.QAtestsuite.verify_pageDetails(java.lang.reflect.Method) throws java.lang.InterruptedException]]>
              </value>
            </param>
          </params>
          <reporter-output>
          </reporter-output>
        </test-method> <!-- verify_pageDetails -->
        <test-method signature="verify_all_details(java.lang.reflect.Method)[pri:4, instance:org.testsuite.QAtestsuite@6d07a63d]" started-at="2024-03-18T11:55:14Z" name="verify_all_details" finished-at="2024-03-18T11:55:25Z" duration-ms="11419" status="PASS">
          <params>
            <param index="0">
              <value>
                <![CDATA[public void org.testsuite.QAtestsuite.verify_all_details(java.lang.reflect.Method) throws java.lang.InterruptedException]]>
              </value>
            </param>
          </params>
          <reporter-output>
          </reporter-output>
        </test-method> <!-- verify_all_details -->
        <test-method signature="verify_creating_goal(java.lang.reflect.Method)[pri:5, instance:org.testsuite.QAtestsuite@6d07a63d]" started-at="2024-03-18T11:55:25Z" name="verify_creating_goal" finished-at="2024-03-18T11:55:56Z" duration-ms="30616" status="PASS">
          <params>
            <param index="0">
              <value>
                <![CDATA[public void org.testsuite.QAtestsuite.verify_creating_goal(java.lang.reflect.Method) throws java.lang.InterruptedException]]>
              </value>
            </param>
          </params>
          <reporter-output>
          </reporter-output>
        </test-method> <!-- verify_creating_goal -->
        <test-method is-config="true" signature="tearDown()[pri:0, instance:org.testsuite.QAtestsuite@6d07a63d]" started-at="2024-03-18T11:55:56Z" name="tearDown" finished-at="2024-03-18T11:55:56Z" duration-ms="400" status="PASS">
          <reporter-output>
          </reporter-output>
        </test-method> <!-- tearDown -->
      </class> <!-- org.testsuite.QAtestsuite -->
    </test> <!-- Login test -->
  </suite> <!-- QA test -->
</testng-results>
