<?xml version="1.0" encoding="UTF-8"?>
<!-- Generated by org.testng.reporters.JUnitXMLReporter -->
<testsuite ignored="0" hostname="Arun" failures="0" tests="5" name="Login test" time="131.289" errors="0" timestamp="18 Mar 2024 17:09:55 GMT">
  <testcase classname="org.testsuite.QAtestsuite" name="verify_login_test" time="20.423"/>
  <testcase classname="org.testsuite.QAtestsuite" name="verify_empdetails" time="27.829"/>
  <testcase classname="org.testsuite.QAtestsuite" name="verify_pageDetails" time="27.594"/>
  <testcase classname="org.testsuite.QAtestsuite" name="verify_all_details" time="17.268"/>
  <testcase classname="org.testsuite.QAtestsuite" name="verify_creating_goal" time="38.125"/>
</testsuite> <!-- Login test -->
