<?xml version="1.0" encoding="UTF-8"?>
<!-- Generated by org.testng.reporters.JUnitXMLReporter -->
<testsuite ignored="0" hostname="Arun" failures="0" tests="5" name="Login test" time="111.193" errors="0" timestamp="18 Mar 2024 11:55:56 GMT">
  <testcase classname="org.testsuite.QAtestsuite" name="verify_login_test" time="10.38"/>
  <testcase classname="org.testsuite.QAtestsuite" name="verify_empdetails" time="30.139"/>
  <testcase classname="org.testsuite.QAtestsuite" name="verify_pageDetails" time="28.617"/>
  <testcase classname="org.testsuite.QAtestsuite" name="verify_all_details" time="11.419"/>
  <testcase classname="org.testsuite.QAtestsuite" name="verify_creating_goal" time="30.616"/>
</testsuite> <!-- Login test -->
